[2022-03-30 21:01:08,779] {scheduler_job.py:154} INFO - Started process (PID=85675) to work on /Users/rafa/Documents/python/datapipeline/airflow/dags/twitter_dag.py
[2022-03-30 21:01:08,915] {logging_mixin.py:112} INFO - [2022-03-30 21:01:08,914] {__init__.py:50} INFO - Using executor SequentialExecutor
[2022-03-30 21:01:08,917] {scheduler_job.py:1572} INFO - Processing file /Users/rafa/Documents/python/datapipeline/airflow/dags/twitter_dag.py for tasks to queue
[2022-03-30 21:01:08,917] {logging_mixin.py:112} INFO - [2022-03-30 21:01:08,917] {dagbag.py:417} INFO - Filling up the DagBag from /Users/rafa/Documents/python/datapipeline/airflow/dags/twitter_dag.py
[2022-03-30 21:01:08,920] {logging_mixin.py:112} WARNING - /Users/rafa/Documents/python/datapipeline/airflow/dags/twitter_dag.py:5: FutureWarning: Importing 'TwitterOperator' from under 'airflow.operators.*' has been deprecated and should be directly imported as 'operators.twitter_operator.TwitterOperator' instead.

Support for importing from within the airflow namespace for plugins will be dropped entirely in Airflow 2.0. See <http://airflow.apache.org/docs/stable/howto/custom-operator.html>.
  from airflow.operators.alura import TwitterOperator
[2022-03-30 21:01:08,934] {scheduler_job.py:1584} INFO - DAG(s) dict_keys(['twitter_dag']) retrieved from /Users/rafa/Documents/python/datapipeline/airflow/dags/twitter_dag.py
[2022-03-30 21:01:08,967] {scheduler_job.py:1288} INFO - Processing twitter_dag
[2022-03-30 21:01:08,976] {scheduler_job.py:771} INFO - Examining DAG run <DagRun twitter_dag @ 2022-03-26 09:00:00+00:00: scheduled__2022-03-26T09:00:00+00:00, externally triggered: False>
[2022-03-30 21:01:08,988] {logging_mixin.py:112} INFO - [2022-03-30 21:01:08,988] {dagrun.py:298} INFO - Marking run <DagRun twitter_dag @ 2022-03-26 09:00:00+00:00: scheduled__2022-03-26T09:00:00+00:00, externally triggered: False> failed
[2022-03-30 21:01:08,996] {scheduler_job.py:459} INFO - Skipping SLA check for <DAG: twitter_dag> because no tasks in DAG have SLAs
[2022-03-30 21:01:09,003] {scheduler_job.py:162} INFO - Processing /Users/rafa/Documents/python/datapipeline/airflow/dags/twitter_dag.py took 0.224 seconds
[2022-03-30 21:03:00,281] {scheduler_job.py:154} INFO - Started process (PID=85735) to work on /Users/rafa/Documents/python/datapipeline/airflow/dags/twitter_dag.py
[2022-03-30 21:03:00,341] {logging_mixin.py:112} INFO - [2022-03-30 21:03:00,341] {__init__.py:50} INFO - Using executor SequentialExecutor
[2022-03-30 21:03:00,342] {scheduler_job.py:1572} INFO - Processing file /Users/rafa/Documents/python/datapipeline/airflow/dags/twitter_dag.py for tasks to queue
[2022-03-30 21:03:00,342] {logging_mixin.py:112} INFO - [2022-03-30 21:03:00,342] {dagbag.py:417} INFO - Filling up the DagBag from /Users/rafa/Documents/python/datapipeline/airflow/dags/twitter_dag.py
[2022-03-30 21:03:00,344] {logging_mixin.py:112} WARNING - /Users/rafa/Documents/python/datapipeline/airflow/dags/twitter_dag.py:5: FutureWarning: Importing 'TwitterOperator' from under 'airflow.operators.*' has been deprecated and should be directly imported as 'operators.twitter_operator.TwitterOperator' instead.

Support for importing from within the airflow namespace for plugins will be dropped entirely in Airflow 2.0. See <http://airflow.apache.org/docs/stable/howto/custom-operator.html>.
  from airflow.operators.alura import TwitterOperator
[2022-03-30 21:03:00,355] {scheduler_job.py:1584} INFO - DAG(s) dict_keys(['twitter_dag']) retrieved from /Users/rafa/Documents/python/datapipeline/airflow/dags/twitter_dag.py
[2022-03-30 21:03:00,497] {scheduler_job.py:1288} INFO - Processing twitter_dag
[2022-03-30 21:03:00,557] {scheduler_job.py:1298} INFO - Created <DagRun twitter_dag @ 2022-03-27 09:00:00+00:00: scheduled__2022-03-27T09:00:00+00:00, externally triggered: False>
[2022-03-30 21:03:00,561] {scheduler_job.py:771} INFO - Examining DAG run <DagRun twitter_dag @ 2022-03-27 09:00:00+00:00: scheduled__2022-03-27T09:00:00+00:00, externally triggered: False>
[2022-03-30 21:03:00,630] {scheduler_job.py:459} INFO - Skipping SLA check for <DAG: twitter_dag> because no tasks in DAG have SLAs
[2022-03-30 21:03:00,639] {scheduler_job.py:1651} INFO - Creating / updating <TaskInstance: twitter_dag.twitter_aluraonline 2022-03-27 09:00:00+00:00 [scheduled]> in ORM
[2022-03-30 21:03:00,654] {scheduler_job.py:162} INFO - Processing /Users/rafa/Documents/python/datapipeline/airflow/dags/twitter_dag.py took 0.373 seconds
[2022-03-30 21:04:05,201] {scheduler_job.py:154} INFO - Started process (PID=85778) to work on /Users/rafa/Documents/python/datapipeline/airflow/dags/twitter_dag.py
[2022-03-30 21:04:05,237] {logging_mixin.py:112} INFO - [2022-03-30 21:04:05,237] {__init__.py:50} INFO - Using executor SequentialExecutor
[2022-03-30 21:04:05,239] {scheduler_job.py:1572} INFO - Processing file /Users/rafa/Documents/python/datapipeline/airflow/dags/twitter_dag.py for tasks to queue
[2022-03-30 21:04:05,239] {logging_mixin.py:112} INFO - [2022-03-30 21:04:05,239] {dagbag.py:417} INFO - Filling up the DagBag from /Users/rafa/Documents/python/datapipeline/airflow/dags/twitter_dag.py
[2022-03-30 21:04:05,244] {logging_mixin.py:112} WARNING - /Users/rafa/Documents/python/datapipeline/airflow/dags/twitter_dag.py:7: FutureWarning: Importing 'TwitterOperator' from under 'airflow.operators.*' has been deprecated and should be directly imported as 'operators.twitter_operator.TwitterOperator' instead.

Support for importing from within the airflow namespace for plugins will be dropped entirely in Airflow 2.0. See <http://airflow.apache.org/docs/stable/howto/custom-operator.html>.
  from airflow.operators.alura import TwitterOperator
[2022-03-30 21:04:05,247] {scheduler_job.py:1584} INFO - DAG(s) dict_keys(['twitter_dag']) retrieved from /Users/rafa/Documents/python/datapipeline/airflow/dags/twitter_dag.py
[2022-03-30 21:04:05,268] {scheduler_job.py:1288} INFO - Processing twitter_dag
[2022-03-30 21:04:05,275] {scheduler_job.py:771} INFO - Examining DAG run <DagRun twitter_dag @ 2022-03-27 09:00:00+00:00: scheduled__2022-03-27T09:00:00+00:00, externally triggered: False>
[2022-03-30 21:04:05,289] {scheduler_job.py:459} INFO - Skipping SLA check for <DAG: twitter_dag> because no tasks in DAG have SLAs
[2022-03-30 21:04:05,294] {scheduler_job.py:1651} INFO - Creating / updating <TaskInstance: twitter_dag.transform_twitter_aluraonline 2022-03-27 09:00:00+00:00 [scheduled]> in ORM
[2022-03-30 21:04:05,304] {scheduler_job.py:162} INFO - Processing /Users/rafa/Documents/python/datapipeline/airflow/dags/twitter_dag.py took 0.103 seconds
[2022-03-30 21:06:00,924] {scheduler_job.py:154} INFO - Started process (PID=85862) to work on /Users/rafa/Documents/python/datapipeline/airflow/dags/twitter_dag.py
[2022-03-30 21:06:00,956] {logging_mixin.py:112} INFO - [2022-03-30 21:06:00,956] {__init__.py:50} INFO - Using executor SequentialExecutor
[2022-03-30 21:06:00,957] {scheduler_job.py:1572} INFO - Processing file /Users/rafa/Documents/python/datapipeline/airflow/dags/twitter_dag.py for tasks to queue
[2022-03-30 21:06:00,957] {logging_mixin.py:112} INFO - [2022-03-30 21:06:00,957] {dagbag.py:417} INFO - Filling up the DagBag from /Users/rafa/Documents/python/datapipeline/airflow/dags/twitter_dag.py
[2022-03-30 21:06:00,976] {logging_mixin.py:112} WARNING - /Users/rafa/Documents/python/datapipeline/airflow/dags/twitter_dag.py:7: FutureWarning: Importing 'TwitterOperator' from under 'airflow.operators.*' has been deprecated and should be directly imported as 'operators.twitter_operator.TwitterOperator' instead.

Support for importing from within the airflow namespace for plugins will be dropped entirely in Airflow 2.0. See <http://airflow.apache.org/docs/stable/howto/custom-operator.html>.
  from airflow.operators.alura import TwitterOperator
[2022-03-30 21:06:00,981] {scheduler_job.py:1584} INFO - DAG(s) dict_keys(['twitter_dag']) retrieved from /Users/rafa/Documents/python/datapipeline/airflow/dags/twitter_dag.py
[2022-03-30 21:06:01,004] {scheduler_job.py:1288} INFO - Processing twitter_dag
[2022-03-30 21:06:01,010] {scheduler_job.py:771} INFO - Examining DAG run <DagRun twitter_dag @ 2022-03-27 09:00:00+00:00: scheduled__2022-03-27T09:00:00+00:00, externally triggered: False>
[2022-03-30 21:06:01,025] {logging_mixin.py:112} INFO - [2022-03-30 21:06:01,024] {dagrun.py:298} INFO - Marking run <DagRun twitter_dag @ 2022-03-27 09:00:00+00:00: scheduled__2022-03-27T09:00:00+00:00, externally triggered: False> failed
[2022-03-30 21:06:01,048] {scheduler_job.py:459} INFO - Skipping SLA check for <DAG: twitter_dag> because no tasks in DAG have SLAs
[2022-03-30 21:06:01,051] {scheduler_job.py:162} INFO - Processing /Users/rafa/Documents/python/datapipeline/airflow/dags/twitter_dag.py took 0.127 seconds
[2022-03-30 21:09:06,113] {scheduler_job.py:154} INFO - Started process (PID=85958) to work on /Users/rafa/Documents/python/datapipeline/airflow/dags/twitter_dag.py
[2022-03-30 21:09:06,153] {logging_mixin.py:112} INFO - [2022-03-30 21:09:06,153] {__init__.py:50} INFO - Using executor SequentialExecutor
[2022-03-30 21:09:06,154] {scheduler_job.py:1572} INFO - Processing file /Users/rafa/Documents/python/datapipeline/airflow/dags/twitter_dag.py for tasks to queue
[2022-03-30 21:09:06,155] {logging_mixin.py:112} INFO - [2022-03-30 21:09:06,155] {dagbag.py:417} INFO - Filling up the DagBag from /Users/rafa/Documents/python/datapipeline/airflow/dags/twitter_dag.py
[2022-03-30 21:09:06,164] {logging_mixin.py:112} WARNING - /Users/rafa/Documents/python/datapipeline/airflow/dags/twitter_dag.py:7: FutureWarning: Importing 'TwitterOperator' from under 'airflow.operators.*' has been deprecated and should be directly imported as 'operators.twitter_operator.TwitterOperator' instead.

Support for importing from within the airflow namespace for plugins will be dropped entirely in Airflow 2.0. See <http://airflow.apache.org/docs/stable/howto/custom-operator.html>.
  from airflow.operators.alura import TwitterOperator
[2022-03-30 21:09:06,167] {scheduler_job.py:1584} INFO - DAG(s) dict_keys(['twitter_dag']) retrieved from /Users/rafa/Documents/python/datapipeline/airflow/dags/twitter_dag.py
[2022-03-30 21:09:06,204] {scheduler_job.py:1288} INFO - Processing twitter_dag
[2022-03-30 21:09:06,302] {scheduler_job.py:1298} INFO - Created <DagRun twitter_dag @ 2022-03-28 09:00:00+00:00: scheduled__2022-03-28T09:00:00+00:00, externally triggered: False>
[2022-03-30 21:09:06,305] {scheduler_job.py:771} INFO - Examining DAG run <DagRun twitter_dag @ 2022-03-28 09:00:00+00:00: scheduled__2022-03-28T09:00:00+00:00, externally triggered: False>
[2022-03-30 21:09:06,331] {scheduler_job.py:459} INFO - Skipping SLA check for <DAG: twitter_dag> because no tasks in DAG have SLAs
[2022-03-30 21:09:06,343] {scheduler_job.py:1651} INFO - Creating / updating <TaskInstance: twitter_dag.twitter_aluraonline 2022-03-28 09:00:00+00:00 [scheduled]> in ORM
[2022-03-30 21:09:06,363] {scheduler_job.py:162} INFO - Processing /Users/rafa/Documents/python/datapipeline/airflow/dags/twitter_dag.py took 0.250 seconds
[2022-03-30 21:11:44,594] {scheduler_job.py:154} INFO - Started process (PID=86034) to work on /Users/rafa/Documents/python/datapipeline/airflow/dags/twitter_dag.py
[2022-03-30 21:11:44,628] {logging_mixin.py:112} INFO - [2022-03-30 21:11:44,628] {__init__.py:50} INFO - Using executor SequentialExecutor
[2022-03-30 21:11:44,629] {scheduler_job.py:1572} INFO - Processing file /Users/rafa/Documents/python/datapipeline/airflow/dags/twitter_dag.py for tasks to queue
[2022-03-30 21:11:44,630] {logging_mixin.py:112} INFO - [2022-03-30 21:11:44,630] {dagbag.py:417} INFO - Filling up the DagBag from /Users/rafa/Documents/python/datapipeline/airflow/dags/twitter_dag.py
[2022-03-30 21:11:44,635] {logging_mixin.py:112} WARNING - /Users/rafa/Documents/python/datapipeline/airflow/dags/twitter_dag.py:7: FutureWarning: Importing 'TwitterOperator' from under 'airflow.operators.*' has been deprecated and should be directly imported as 'operators.twitter_operator.TwitterOperator' instead.

Support for importing from within the airflow namespace for plugins will be dropped entirely in Airflow 2.0. See <http://airflow.apache.org/docs/stable/howto/custom-operator.html>.
  from airflow.operators.alura import TwitterOperator
[2022-03-30 21:11:44,639] {scheduler_job.py:1584} INFO - DAG(s) dict_keys(['twitter_dag']) retrieved from /Users/rafa/Documents/python/datapipeline/airflow/dags/twitter_dag.py
[2022-03-30 21:11:44,659] {scheduler_job.py:1288} INFO - Processing twitter_dag
[2022-03-30 21:11:44,670] {scheduler_job.py:771} INFO - Examining DAG run <DagRun twitter_dag @ 2022-03-28 09:00:00+00:00: scheduled__2022-03-28T09:00:00+00:00, externally triggered: False>
[2022-03-30 21:11:44,689] {scheduler_job.py:459} INFO - Skipping SLA check for <DAG: twitter_dag> because no tasks in DAG have SLAs
[2022-03-30 21:11:44,693] {scheduler_job.py:1651} INFO - Creating / updating <TaskInstance: twitter_dag.transform_twitter_aluraonline 2022-03-28 09:00:00+00:00 [scheduled]> in ORM
[2022-03-30 21:11:44,705] {scheduler_job.py:162} INFO - Processing /Users/rafa/Documents/python/datapipeline/airflow/dags/twitter_dag.py took 0.110 seconds
[2022-03-30 21:14:00,671] {scheduler_job.py:154} INFO - Started process (PID=86127) to work on /Users/rafa/Documents/python/datapipeline/airflow/dags/twitter_dag.py
[2022-03-30 21:14:00,733] {logging_mixin.py:112} INFO - [2022-03-30 21:14:00,733] {__init__.py:50} INFO - Using executor SequentialExecutor
[2022-03-30 21:14:00,736] {scheduler_job.py:1572} INFO - Processing file /Users/rafa/Documents/python/datapipeline/airflow/dags/twitter_dag.py for tasks to queue
[2022-03-30 21:14:00,736] {logging_mixin.py:112} INFO - [2022-03-30 21:14:00,736] {dagbag.py:417} INFO - Filling up the DagBag from /Users/rafa/Documents/python/datapipeline/airflow/dags/twitter_dag.py
[2022-03-30 21:14:00,761] {logging_mixin.py:112} WARNING - /Users/rafa/Documents/python/datapipeline/airflow/dags/twitter_dag.py:7: FutureWarning: Importing 'TwitterOperator' from under 'airflow.operators.*' has been deprecated and should be directly imported as 'operators.twitter_operator.TwitterOperator' instead.

Support for importing from within the airflow namespace for plugins will be dropped entirely in Airflow 2.0. See <http://airflow.apache.org/docs/stable/howto/custom-operator.html>.
  from airflow.operators.alura import TwitterOperator
[2022-03-30 21:14:00,781] {scheduler_job.py:1584} INFO - DAG(s) dict_keys(['twitter_dag']) retrieved from /Users/rafa/Documents/python/datapipeline/airflow/dags/twitter_dag.py
[2022-03-30 21:14:00,872] {scheduler_job.py:1288} INFO - Processing twitter_dag
[2022-03-30 21:14:00,885] {scheduler_job.py:771} INFO - Examining DAG run <DagRun twitter_dag @ 2022-03-28 09:00:00+00:00: scheduled__2022-03-28T09:00:00+00:00, externally triggered: False>
[2022-03-30 21:14:00,902] {logging_mixin.py:112} INFO - [2022-03-30 21:14:00,902] {dagrun.py:298} INFO - Marking run <DagRun twitter_dag @ 2022-03-28 09:00:00+00:00: scheduled__2022-03-28T09:00:00+00:00, externally triggered: False> failed
[2022-03-30 21:14:00,912] {scheduler_job.py:459} INFO - Skipping SLA check for <DAG: twitter_dag> because no tasks in DAG have SLAs
[2022-03-30 21:14:00,917] {scheduler_job.py:162} INFO - Processing /Users/rafa/Documents/python/datapipeline/airflow/dags/twitter_dag.py took 0.247 seconds
[2022-03-30 21:16:45,094] {scheduler_job.py:154} INFO - Started process (PID=86221) to work on /Users/rafa/Documents/python/datapipeline/airflow/dags/twitter_dag.py
[2022-03-30 21:16:45,152] {logging_mixin.py:112} INFO - [2022-03-30 21:16:45,151] {__init__.py:50} INFO - Using executor SequentialExecutor
[2022-03-30 21:16:45,153] {scheduler_job.py:1572} INFO - Processing file /Users/rafa/Documents/python/datapipeline/airflow/dags/twitter_dag.py for tasks to queue
[2022-03-30 21:16:45,154] {logging_mixin.py:112} INFO - [2022-03-30 21:16:45,154] {dagbag.py:417} INFO - Filling up the DagBag from /Users/rafa/Documents/python/datapipeline/airflow/dags/twitter_dag.py
[2022-03-30 21:16:45,174] {logging_mixin.py:112} WARNING - /Users/rafa/Documents/python/datapipeline/airflow/dags/twitter_dag.py:7: FutureWarning: Importing 'TwitterOperator' from under 'airflow.operators.*' has been deprecated and should be directly imported as 'operators.twitter_operator.TwitterOperator' instead.

Support for importing from within the airflow namespace for plugins will be dropped entirely in Airflow 2.0. See <http://airflow.apache.org/docs/stable/howto/custom-operator.html>.
  from airflow.operators.alura import TwitterOperator
[2022-03-30 21:16:45,178] {scheduler_job.py:1584} INFO - DAG(s) dict_keys(['twitter_dag']) retrieved from /Users/rafa/Documents/python/datapipeline/airflow/dags/twitter_dag.py
[2022-03-30 21:16:45,221] {scheduler_job.py:1288} INFO - Processing twitter_dag
[2022-03-30 21:16:45,277] {scheduler_job.py:1298} INFO - Created <DagRun twitter_dag @ 2022-03-29 09:00:00+00:00: scheduled__2022-03-29T09:00:00+00:00, externally triggered: False>
[2022-03-30 21:16:45,282] {scheduler_job.py:771} INFO - Examining DAG run <DagRun twitter_dag @ 2022-03-29 09:00:00+00:00: scheduled__2022-03-29T09:00:00+00:00, externally triggered: False>
[2022-03-30 21:16:45,313] {scheduler_job.py:459} INFO - Skipping SLA check for <DAG: twitter_dag> because no tasks in DAG have SLAs
[2022-03-30 21:16:45,319] {scheduler_job.py:1651} INFO - Creating / updating <TaskInstance: twitter_dag.twitter_aluraonline 2022-03-29 09:00:00+00:00 [scheduled]> in ORM
[2022-03-30 21:16:45,341] {scheduler_job.py:162} INFO - Processing /Users/rafa/Documents/python/datapipeline/airflow/dags/twitter_dag.py took 0.246 seconds
[2022-03-30 21:18:49,143] {scheduler_job.py:154} INFO - Started process (PID=86284) to work on /Users/rafa/Documents/python/datapipeline/airflow/dags/twitter_dag.py
[2022-03-30 21:18:49,177] {logging_mixin.py:112} INFO - [2022-03-30 21:18:49,177] {__init__.py:50} INFO - Using executor SequentialExecutor
[2022-03-30 21:18:49,178] {scheduler_job.py:1572} INFO - Processing file /Users/rafa/Documents/python/datapipeline/airflow/dags/twitter_dag.py for tasks to queue
[2022-03-30 21:18:49,178] {logging_mixin.py:112} INFO - [2022-03-30 21:18:49,178] {dagbag.py:417} INFO - Filling up the DagBag from /Users/rafa/Documents/python/datapipeline/airflow/dags/twitter_dag.py
[2022-03-30 21:18:49,200] {logging_mixin.py:112} WARNING - /Users/rafa/Documents/python/datapipeline/airflow/dags/twitter_dag.py:7: FutureWarning: Importing 'TwitterOperator' from under 'airflow.operators.*' has been deprecated and should be directly imported as 'operators.twitter_operator.TwitterOperator' instead.

Support for importing from within the airflow namespace for plugins will be dropped entirely in Airflow 2.0. See <http://airflow.apache.org/docs/stable/howto/custom-operator.html>.
  from airflow.operators.alura import TwitterOperator
[2022-03-30 21:18:49,204] {scheduler_job.py:1584} INFO - DAG(s) dict_keys(['twitter_dag']) retrieved from /Users/rafa/Documents/python/datapipeline/airflow/dags/twitter_dag.py
[2022-03-30 21:18:49,227] {scheduler_job.py:1288} INFO - Processing twitter_dag
[2022-03-30 21:18:49,236] {scheduler_job.py:771} INFO - Examining DAG run <DagRun twitter_dag @ 2022-03-29 09:00:00+00:00: scheduled__2022-03-29T09:00:00+00:00, externally triggered: False>
[2022-03-30 21:18:49,256] {scheduler_job.py:459} INFO - Skipping SLA check for <DAG: twitter_dag> because no tasks in DAG have SLAs
[2022-03-30 21:18:49,261] {scheduler_job.py:1651} INFO - Creating / updating <TaskInstance: twitter_dag.transform_twitter_aluraonline 2022-03-29 09:00:00+00:00 [scheduled]> in ORM
[2022-03-30 21:18:49,272] {scheduler_job.py:162} INFO - Processing /Users/rafa/Documents/python/datapipeline/airflow/dags/twitter_dag.py took 0.130 seconds
[2022-03-30 21:20:36,638] {scheduler_job.py:154} INFO - Started process (PID=86359) to work on /Users/rafa/Documents/python/datapipeline/airflow/dags/twitter_dag.py
[2022-03-30 21:20:36,667] {logging_mixin.py:112} INFO - [2022-03-30 21:20:36,667] {__init__.py:50} INFO - Using executor SequentialExecutor
[2022-03-30 21:20:36,668] {scheduler_job.py:1572} INFO - Processing file /Users/rafa/Documents/python/datapipeline/airflow/dags/twitter_dag.py for tasks to queue
[2022-03-30 21:20:36,668] {logging_mixin.py:112} INFO - [2022-03-30 21:20:36,668] {dagbag.py:417} INFO - Filling up the DagBag from /Users/rafa/Documents/python/datapipeline/airflow/dags/twitter_dag.py
[2022-03-30 21:20:36,673] {logging_mixin.py:112} WARNING - /Users/rafa/Documents/python/datapipeline/airflow/dags/twitter_dag.py:7: FutureWarning: Importing 'TwitterOperator' from under 'airflow.operators.*' has been deprecated and should be directly imported as 'operators.twitter_operator.TwitterOperator' instead.

Support for importing from within the airflow namespace for plugins will be dropped entirely in Airflow 2.0. See <http://airflow.apache.org/docs/stable/howto/custom-operator.html>.
  from airflow.operators.alura import TwitterOperator
[2022-03-30 21:20:36,677] {scheduler_job.py:1584} INFO - DAG(s) dict_keys(['twitter_dag']) retrieved from /Users/rafa/Documents/python/datapipeline/airflow/dags/twitter_dag.py
[2022-03-30 21:20:36,696] {scheduler_job.py:1288} INFO - Processing twitter_dag
[2022-03-30 21:20:36,706] {scheduler_job.py:771} INFO - Examining DAG run <DagRun twitter_dag @ 2022-03-29 09:00:00+00:00: scheduled__2022-03-29T09:00:00+00:00, externally triggered: False>
[2022-03-30 21:20:36,714] {logging_mixin.py:112} INFO - [2022-03-30 21:20:36,714] {dagrun.py:298} INFO - Marking run <DagRun twitter_dag @ 2022-03-29 09:00:00+00:00: scheduled__2022-03-29T09:00:00+00:00, externally triggered: False> failed
[2022-03-30 21:20:36,721] {scheduler_job.py:459} INFO - Skipping SLA check for <DAG: twitter_dag> because no tasks in DAG have SLAs
[2022-03-30 21:20:36,724] {scheduler_job.py:162} INFO - Processing /Users/rafa/Documents/python/datapipeline/airflow/dags/twitter_dag.py took 0.086 seconds
[2022-03-30 21:22:11,854] {scheduler_job.py:154} INFO - Started process (PID=86420) to work on /Users/rafa/Documents/python/datapipeline/airflow/dags/twitter_dag.py
[2022-03-30 21:22:11,927] {logging_mixin.py:112} INFO - [2022-03-30 21:22:11,927] {__init__.py:50} INFO - Using executor SequentialExecutor
[2022-03-30 21:22:11,928] {scheduler_job.py:1572} INFO - Processing file /Users/rafa/Documents/python/datapipeline/airflow/dags/twitter_dag.py for tasks to queue
[2022-03-30 21:22:11,928] {logging_mixin.py:112} INFO - [2022-03-30 21:22:11,928] {dagbag.py:417} INFO - Filling up the DagBag from /Users/rafa/Documents/python/datapipeline/airflow/dags/twitter_dag.py
[2022-03-30 21:22:11,942] {logging_mixin.py:112} WARNING - /Users/rafa/Documents/python/datapipeline/airflow/dags/twitter_dag.py:7: FutureWarning: Importing 'TwitterOperator' from under 'airflow.operators.*' has been deprecated and should be directly imported as 'operators.twitter_operator.TwitterOperator' instead.

Support for importing from within the airflow namespace for plugins will be dropped entirely in Airflow 2.0. See <http://airflow.apache.org/docs/stable/howto/custom-operator.html>.
  from airflow.operators.alura import TwitterOperator
[2022-03-30 21:22:11,946] {scheduler_job.py:1584} INFO - DAG(s) dict_keys(['twitter_dag']) retrieved from /Users/rafa/Documents/python/datapipeline/airflow/dags/twitter_dag.py
[2022-03-30 21:22:11,990] {scheduler_job.py:1288} INFO - Processing twitter_dag
[2022-03-30 21:22:12,016] {scheduler_job.py:459} INFO - Skipping SLA check for <DAG: twitter_dag> because no tasks in DAG have SLAs
[2022-03-30 21:22:12,023] {scheduler_job.py:162} INFO - Processing /Users/rafa/Documents/python/datapipeline/airflow/dags/twitter_dag.py took 0.169 seconds
[2022-03-30 21:24:08,243] {scheduler_job.py:154} INFO - Started process (PID=86476) to work on /Users/rafa/Documents/python/datapipeline/airflow/dags/twitter_dag.py
[2022-03-30 21:24:08,317] {logging_mixin.py:112} INFO - [2022-03-30 21:24:08,317] {__init__.py:50} INFO - Using executor SequentialExecutor
[2022-03-30 21:24:08,321] {scheduler_job.py:1572} INFO - Processing file /Users/rafa/Documents/python/datapipeline/airflow/dags/twitter_dag.py for tasks to queue
[2022-03-30 21:24:08,324] {logging_mixin.py:112} INFO - [2022-03-30 21:24:08,324] {dagbag.py:417} INFO - Filling up the DagBag from /Users/rafa/Documents/python/datapipeline/airflow/dags/twitter_dag.py
[2022-03-30 21:24:08,341] {logging_mixin.py:112} WARNING - /Users/rafa/Documents/python/datapipeline/airflow/dags/twitter_dag.py:7: FutureWarning: Importing 'TwitterOperator' from under 'airflow.operators.*' has been deprecated and should be directly imported as 'operators.twitter_operator.TwitterOperator' instead.

Support for importing from within the airflow namespace for plugins will be dropped entirely in Airflow 2.0. See <http://airflow.apache.org/docs/stable/howto/custom-operator.html>.
  from airflow.operators.alura import TwitterOperator
[2022-03-30 21:24:08,349] {scheduler_job.py:1584} INFO - DAG(s) dict_keys(['twitter_dag']) retrieved from /Users/rafa/Documents/python/datapipeline/airflow/dags/twitter_dag.py
[2022-03-30 21:24:08,395] {scheduler_job.py:1288} INFO - Processing twitter_dag
[2022-03-30 21:24:08,430] {scheduler_job.py:459} INFO - Skipping SLA check for <DAG: twitter_dag> because no tasks in DAG have SLAs
[2022-03-30 21:24:08,433] {scheduler_job.py:162} INFO - Processing /Users/rafa/Documents/python/datapipeline/airflow/dags/twitter_dag.py took 0.191 seconds
[2022-03-30 21:51:02,619] {scheduler_job.py:154} INFO - Started process (PID=1021) to work on /Users/rafa/Documents/datapipeline/airflow/dags/twitter_dag.py
[2022-03-30 21:51:02,654] {logging_mixin.py:112} INFO - [2022-03-30 21:51:02,654] {__init__.py:50} INFO - Using executor SequentialExecutor
[2022-03-30 21:51:02,656] {scheduler_job.py:1572} INFO - Processing file /Users/rafa/Documents/datapipeline/airflow/dags/twitter_dag.py for tasks to queue
[2022-03-30 21:51:02,656] {logging_mixin.py:112} INFO - [2022-03-30 21:51:02,656] {dagbag.py:417} INFO - Filling up the DagBag from /Users/rafa/Documents/datapipeline/airflow/dags/twitter_dag.py
[2022-03-30 21:51:02,665] {logging_mixin.py:112} WARNING - /Users/rafa/Documents/datapipeline/airflow/dags/twitter_dag.py:7: FutureWarning: Importing 'TwitterOperator' from under 'airflow.operators.*' has been deprecated and should be directly imported as 'operators.twitter_operator.TwitterOperator' instead.

Support for importing from within the airflow namespace for plugins will be dropped entirely in Airflow 2.0. See <http://airflow.apache.org/docs/stable/howto/custom-operator.html>.
  from airflow.operators.alura import TwitterOperator
[2022-03-30 21:51:02,668] {scheduler_job.py:1584} INFO - DAG(s) dict_keys(['twitter_dag']) retrieved from /Users/rafa/Documents/datapipeline/airflow/dags/twitter_dag.py
[2022-03-30 21:51:02,687] {scheduler_job.py:1288} INFO - Processing twitter_dag
[2022-03-30 21:51:02,709] {scheduler_job.py:459} INFO - Skipping SLA check for <DAG: twitter_dag> because no tasks in DAG have SLAs
[2022-03-30 21:51:02,713] {scheduler_job.py:162} INFO - Processing /Users/rafa/Documents/datapipeline/airflow/dags/twitter_dag.py took 0.095 seconds
[2022-03-30 21:52:15,649] {scheduler_job.py:154} INFO - Started process (PID=1139) to work on /Users/rafa/Documents/datapipeline/airflow/dags/twitter_dag.py
[2022-03-30 21:52:15,689] {logging_mixin.py:112} INFO - [2022-03-30 21:52:15,688] {__init__.py:50} INFO - Using executor SequentialExecutor
[2022-03-30 21:52:15,689] {scheduler_job.py:1572} INFO - Processing file /Users/rafa/Documents/datapipeline/airflow/dags/twitter_dag.py for tasks to queue
[2022-03-30 21:52:15,690] {logging_mixin.py:112} INFO - [2022-03-30 21:52:15,690] {dagbag.py:417} INFO - Filling up the DagBag from /Users/rafa/Documents/datapipeline/airflow/dags/twitter_dag.py
[2022-03-30 21:52:15,710] {logging_mixin.py:112} WARNING - /Users/rafa/Documents/datapipeline/airflow/dags/twitter_dag.py:7: FutureWarning: Importing 'TwitterOperator' from under 'airflow.operators.*' has been deprecated and should be directly imported as 'operators.twitter_operator.TwitterOperator' instead.

Support for importing from within the airflow namespace for plugins will be dropped entirely in Airflow 2.0. See <http://airflow.apache.org/docs/stable/howto/custom-operator.html>.
  from airflow.operators.alura import TwitterOperator
[2022-03-30 21:52:15,713] {scheduler_job.py:1584} INFO - DAG(s) dict_keys(['twitter_dag']) retrieved from /Users/rafa/Documents/datapipeline/airflow/dags/twitter_dag.py
[2022-03-30 21:52:15,732] {scheduler_job.py:162} INFO - Processing /Users/rafa/Documents/datapipeline/airflow/dags/twitter_dag.py took 0.083 seconds
[2022-03-30 21:53:28,649] {scheduler_job.py:154} INFO - Started process (PID=1261) to work on /Users/rafa/Documents/datapipeline/airflow/dags/twitter_dag.py
[2022-03-30 21:53:28,689] {logging_mixin.py:112} INFO - [2022-03-30 21:53:28,689] {__init__.py:50} INFO - Using executor SequentialExecutor
[2022-03-30 21:53:28,690] {scheduler_job.py:1572} INFO - Processing file /Users/rafa/Documents/datapipeline/airflow/dags/twitter_dag.py for tasks to queue
[2022-03-30 21:53:28,690] {logging_mixin.py:112} INFO - [2022-03-30 21:53:28,690] {dagbag.py:417} INFO - Filling up the DagBag from /Users/rafa/Documents/datapipeline/airflow/dags/twitter_dag.py
[2022-03-30 21:53:28,696] {logging_mixin.py:112} WARNING - /Users/rafa/Documents/datapipeline/airflow/dags/twitter_dag.py:7: FutureWarning: Importing 'TwitterOperator' from under 'airflow.operators.*' has been deprecated and should be directly imported as 'operators.twitter_operator.TwitterOperator' instead.

Support for importing from within the airflow namespace for plugins will be dropped entirely in Airflow 2.0. See <http://airflow.apache.org/docs/stable/howto/custom-operator.html>.
  from airflow.operators.alura import TwitterOperator
[2022-03-30 21:53:28,699] {scheduler_job.py:1584} INFO - DAG(s) dict_keys(['twitter_dag']) retrieved from /Users/rafa/Documents/datapipeline/airflow/dags/twitter_dag.py
[2022-03-30 21:53:28,723] {scheduler_job.py:1288} INFO - Processing twitter_dag
[2022-03-30 21:53:28,739] {scheduler_job.py:459} INFO - Skipping SLA check for <DAG: twitter_dag> because no tasks in DAG have SLAs
[2022-03-30 21:53:28,742] {scheduler_job.py:162} INFO - Processing /Users/rafa/Documents/datapipeline/airflow/dags/twitter_dag.py took 0.092 seconds
[2022-03-30 21:54:34,536] {scheduler_job.py:154} INFO - Started process (PID=1349) to work on /Users/rafa/Documents/datapipeline/airflow/dags/twitter_dag.py
[2022-03-30 21:54:34,593] {logging_mixin.py:112} INFO - [2022-03-30 21:54:34,593] {__init__.py:50} INFO - Using executor SequentialExecutor
[2022-03-30 21:54:34,594] {scheduler_job.py:1572} INFO - Processing file /Users/rafa/Documents/datapipeline/airflow/dags/twitter_dag.py for tasks to queue
[2022-03-30 21:54:34,594] {logging_mixin.py:112} INFO - [2022-03-30 21:54:34,594] {dagbag.py:417} INFO - Filling up the DagBag from /Users/rafa/Documents/datapipeline/airflow/dags/twitter_dag.py
[2022-03-30 21:54:34,616] {logging_mixin.py:112} WARNING - /Users/rafa/Documents/datapipeline/airflow/dags/twitter_dag.py:7: FutureWarning: Importing 'TwitterOperator' from under 'airflow.operators.*' has been deprecated and should be directly imported as 'operators.twitter_operator.TwitterOperator' instead.

Support for importing from within the airflow namespace for plugins will be dropped entirely in Airflow 2.0. See <http://airflow.apache.org/docs/stable/howto/custom-operator.html>.
  from airflow.operators.alura import TwitterOperator
[2022-03-30 21:54:34,626] {scheduler_job.py:1584} INFO - DAG(s) dict_keys(['twitter_dag']) retrieved from /Users/rafa/Documents/datapipeline/airflow/dags/twitter_dag.py
[2022-03-30 21:54:34,660] {scheduler_job.py:1288} INFO - Processing twitter_dag
[2022-03-30 21:54:34,694] {scheduler_job.py:459} INFO - Skipping SLA check for <DAG: twitter_dag> because no tasks in DAG have SLAs
[2022-03-30 21:54:34,697] {scheduler_job.py:162} INFO - Processing /Users/rafa/Documents/datapipeline/airflow/dags/twitter_dag.py took 0.161 seconds
[2022-03-30 21:55:46,386] {scheduler_job.py:154} INFO - Started process (PID=1403) to work on /Users/rafa/Documents/datapipeline/airflow/dags/twitter_dag.py
[2022-03-30 21:55:46,414] {logging_mixin.py:112} INFO - [2022-03-30 21:55:46,414] {__init__.py:50} INFO - Using executor SequentialExecutor
[2022-03-30 21:55:46,415] {scheduler_job.py:1572} INFO - Processing file /Users/rafa/Documents/datapipeline/airflow/dags/twitter_dag.py for tasks to queue
[2022-03-30 21:55:46,415] {logging_mixin.py:112} INFO - [2022-03-30 21:55:46,415] {dagbag.py:417} INFO - Filling up the DagBag from /Users/rafa/Documents/datapipeline/airflow/dags/twitter_dag.py
[2022-03-30 21:55:46,421] {logging_mixin.py:112} WARNING - /Users/rafa/Documents/datapipeline/airflow/dags/twitter_dag.py:7: FutureWarning: Importing 'TwitterOperator' from under 'airflow.operators.*' has been deprecated and should be directly imported as 'operators.twitter_operator.TwitterOperator' instead.

Support for importing from within the airflow namespace for plugins will be dropped entirely in Airflow 2.0. See <http://airflow.apache.org/docs/stable/howto/custom-operator.html>.
  from airflow.operators.alura import TwitterOperator
[2022-03-30 21:55:46,423] {scheduler_job.py:1584} INFO - DAG(s) dict_keys(['twitter_dag']) retrieved from /Users/rafa/Documents/datapipeline/airflow/dags/twitter_dag.py
[2022-03-30 21:55:46,444] {scheduler_job.py:1288} INFO - Processing twitter_dag
[2022-03-30 21:55:46,466] {scheduler_job.py:459} INFO - Skipping SLA check for <DAG: twitter_dag> because no tasks in DAG have SLAs
[2022-03-30 21:55:46,469] {scheduler_job.py:162} INFO - Processing /Users/rafa/Documents/datapipeline/airflow/dags/twitter_dag.py took 0.083 seconds
[2022-03-30 21:56:57,507] {scheduler_job.py:154} INFO - Started process (PID=1474) to work on /Users/rafa/Documents/datapipeline/airflow/dags/twitter_dag.py
[2022-03-30 21:56:57,591] {logging_mixin.py:112} INFO - [2022-03-30 21:56:57,590] {__init__.py:50} INFO - Using executor SequentialExecutor
[2022-03-30 21:56:57,593] {scheduler_job.py:1572} INFO - Processing file /Users/rafa/Documents/datapipeline/airflow/dags/twitter_dag.py for tasks to queue
[2022-03-30 21:56:57,593] {logging_mixin.py:112} INFO - [2022-03-30 21:56:57,593] {dagbag.py:417} INFO - Filling up the DagBag from /Users/rafa/Documents/datapipeline/airflow/dags/twitter_dag.py
[2022-03-30 21:56:57,607] {logging_mixin.py:112} WARNING - /Users/rafa/Documents/datapipeline/airflow/dags/twitter_dag.py:7: FutureWarning: Importing 'TwitterOperator' from under 'airflow.operators.*' has been deprecated and should be directly imported as 'operators.twitter_operator.TwitterOperator' instead.

Support for importing from within the airflow namespace for plugins will be dropped entirely in Airflow 2.0. See <http://airflow.apache.org/docs/stable/howto/custom-operator.html>.
  from airflow.operators.alura import TwitterOperator
[2022-03-30 21:56:57,616] {scheduler_job.py:1584} INFO - DAG(s) dict_keys(['twitter_dag']) retrieved from /Users/rafa/Documents/datapipeline/airflow/dags/twitter_dag.py
[2022-03-30 21:56:57,682] {scheduler_job.py:1288} INFO - Processing twitter_dag
[2022-03-30 21:56:57,723] {scheduler_job.py:771} INFO - Examining DAG run <DagRun twitter_dag @ 2022-03-31 00:56:41.663452+00:00: manual__2022-03-31T00:56:41.663452+00:00, externally triggered: True>
[2022-03-30 21:56:57,750] {scheduler_job.py:459} INFO - Skipping SLA check for <DAG: twitter_dag> because no tasks in DAG have SLAs
[2022-03-30 21:56:57,757] {scheduler_job.py:1651} INFO - Creating / updating <TaskInstance: twitter_dag.twitter_aluraonline 2022-03-31 00:56:41.663452+00:00 [scheduled]> in ORM
[2022-03-30 21:56:57,774] {scheduler_job.py:162} INFO - Processing /Users/rafa/Documents/datapipeline/airflow/dags/twitter_dag.py took 0.266 seconds
[2022-03-30 21:58:08,555] {scheduler_job.py:154} INFO - Started process (PID=1534) to work on /Users/rafa/Documents/datapipeline/airflow/dags/twitter_dag.py
[2022-03-30 21:58:08,590] {logging_mixin.py:112} INFO - [2022-03-30 21:58:08,590] {__init__.py:50} INFO - Using executor SequentialExecutor
[2022-03-30 21:58:08,591] {scheduler_job.py:1572} INFO - Processing file /Users/rafa/Documents/datapipeline/airflow/dags/twitter_dag.py for tasks to queue
[2022-03-30 21:58:08,591] {logging_mixin.py:112} INFO - [2022-03-30 21:58:08,591] {dagbag.py:417} INFO - Filling up the DagBag from /Users/rafa/Documents/datapipeline/airflow/dags/twitter_dag.py
[2022-03-30 21:58:08,610] {logging_mixin.py:112} WARNING - /Users/rafa/Documents/datapipeline/airflow/dags/twitter_dag.py:7: FutureWarning: Importing 'TwitterOperator' from under 'airflow.operators.*' has been deprecated and should be directly imported as 'operators.twitter_operator.TwitterOperator' instead.

Support for importing from within the airflow namespace for plugins will be dropped entirely in Airflow 2.0. See <http://airflow.apache.org/docs/stable/howto/custom-operator.html>.
  from airflow.operators.alura import TwitterOperator
[2022-03-30 21:58:08,613] {scheduler_job.py:1584} INFO - DAG(s) dict_keys(['twitter_dag']) retrieved from /Users/rafa/Documents/datapipeline/airflow/dags/twitter_dag.py
[2022-03-30 21:58:08,636] {scheduler_job.py:1288} INFO - Processing twitter_dag
[2022-03-30 21:58:08,649] {scheduler_job.py:771} INFO - Examining DAG run <DagRun twitter_dag @ 2022-03-31 00:56:41.663452+00:00: manual__2022-03-31T00:56:41.663452+00:00, externally triggered: True>
[2022-03-30 21:58:08,677] {scheduler_job.py:459} INFO - Skipping SLA check for <DAG: twitter_dag> because no tasks in DAG have SLAs
[2022-03-30 21:58:08,682] {scheduler_job.py:162} INFO - Processing /Users/rafa/Documents/datapipeline/airflow/dags/twitter_dag.py took 0.127 seconds
[2022-03-30 21:59:22,205] {scheduler_job.py:154} INFO - Started process (PID=1618) to work on /Users/rafa/Documents/datapipeline/airflow/dags/twitter_dag.py
[2022-03-30 21:59:22,249] {logging_mixin.py:112} INFO - [2022-03-30 21:59:22,248] {__init__.py:50} INFO - Using executor SequentialExecutor
[2022-03-30 21:59:22,251] {scheduler_job.py:1572} INFO - Processing file /Users/rafa/Documents/datapipeline/airflow/dags/twitter_dag.py for tasks to queue
[2022-03-30 21:59:22,252] {logging_mixin.py:112} INFO - [2022-03-30 21:59:22,252] {dagbag.py:417} INFO - Filling up the DagBag from /Users/rafa/Documents/datapipeline/airflow/dags/twitter_dag.py
[2022-03-30 21:59:22,273] {logging_mixin.py:112} WARNING - /Users/rafa/Documents/datapipeline/airflow/dags/twitter_dag.py:7: FutureWarning: Importing 'TwitterOperator' from under 'airflow.operators.*' has been deprecated and should be directly imported as 'operators.twitter_operator.TwitterOperator' instead.

Support for importing from within the airflow namespace for plugins will be dropped entirely in Airflow 2.0. See <http://airflow.apache.org/docs/stable/howto/custom-operator.html>.
  from airflow.operators.alura import TwitterOperator
[2022-03-30 21:59:22,278] {scheduler_job.py:1584} INFO - DAG(s) dict_keys(['twitter_dag']) retrieved from /Users/rafa/Documents/datapipeline/airflow/dags/twitter_dag.py
[2022-03-30 21:59:22,309] {scheduler_job.py:1288} INFO - Processing twitter_dag
[2022-03-30 21:59:22,331] {scheduler_job.py:771} INFO - Examining DAG run <DagRun twitter_dag @ 2022-03-31 00:56:41.663452+00:00: manual__2022-03-31T00:56:41.663452+00:00, externally triggered: True>
[2022-03-30 21:59:22,342] {logging_mixin.py:112} INFO - [2022-03-30 21:59:22,342] {dagrun.py:298} INFO - Marking run <DagRun twitter_dag @ 2022-03-31 00:56:41.663452+00:00: manual__2022-03-31T00:56:41.663452+00:00, externally triggered: True> failed
[2022-03-30 21:59:22,347] {scheduler_job.py:459} INFO - Skipping SLA check for <DAG: twitter_dag> because no tasks in DAG have SLAs
[2022-03-30 21:59:22,350] {scheduler_job.py:162} INFO - Processing /Users/rafa/Documents/datapipeline/airflow/dags/twitter_dag.py took 0.145 seconds
[2022-03-30 22:00:29,386] {scheduler_job.py:154} INFO - Started process (PID=1695) to work on /Users/rafa/Documents/datapipeline/airflow/dags/twitter_dag.py
[2022-03-30 22:00:29,460] {logging_mixin.py:112} INFO - [2022-03-30 22:00:29,460] {__init__.py:50} INFO - Using executor SequentialExecutor
[2022-03-30 22:00:29,462] {scheduler_job.py:1572} INFO - Processing file /Users/rafa/Documents/datapipeline/airflow/dags/twitter_dag.py for tasks to queue
[2022-03-30 22:00:29,462] {logging_mixin.py:112} INFO - [2022-03-30 22:00:29,462] {dagbag.py:417} INFO - Filling up the DagBag from /Users/rafa/Documents/datapipeline/airflow/dags/twitter_dag.py
[2022-03-30 22:00:29,473] {logging_mixin.py:112} WARNING - /Users/rafa/Documents/datapipeline/airflow/dags/twitter_dag.py:7: FutureWarning: Importing 'TwitterOperator' from under 'airflow.operators.*' has been deprecated and should be directly imported as 'operators.twitter_operator.TwitterOperator' instead.

Support for importing from within the airflow namespace for plugins will be dropped entirely in Airflow 2.0. See <http://airflow.apache.org/docs/stable/howto/custom-operator.html>.
  from airflow.operators.alura import TwitterOperator
[2022-03-30 22:00:29,492] {scheduler_job.py:1584} INFO - DAG(s) dict_keys(['twitter_dag']) retrieved from /Users/rafa/Documents/datapipeline/airflow/dags/twitter_dag.py
[2022-03-30 22:00:29,533] {scheduler_job.py:1288} INFO - Processing twitter_dag
[2022-03-30 22:00:29,559] {scheduler_job.py:771} INFO - Examining DAG run <DagRun twitter_dag @ 2022-03-31 01:00:02.008423+00:00: manual__2022-03-31T01:00:02.008423+00:00, externally triggered: True>
[2022-03-30 22:00:29,583] {scheduler_job.py:459} INFO - Skipping SLA check for <DAG: twitter_dag> because no tasks in DAG have SLAs
[2022-03-30 22:00:29,593] {scheduler_job.py:1651} INFO - Creating / updating <TaskInstance: twitter_dag.twitter_aluraonline 2022-03-31 01:00:02.008423+00:00 [scheduled]> in ORM
[2022-03-30 22:00:29,608] {scheduler_job.py:162} INFO - Processing /Users/rafa/Documents/datapipeline/airflow/dags/twitter_dag.py took 0.222 seconds
[2022-03-30 22:01:45,503] {scheduler_job.py:154} INFO - Started process (PID=1783) to work on /Users/rafa/Documents/datapipeline/airflow/dags/twitter_dag.py
[2022-03-30 22:01:45,561] {logging_mixin.py:112} INFO - [2022-03-30 22:01:45,560] {__init__.py:50} INFO - Using executor SequentialExecutor
[2022-03-30 22:01:45,561] {scheduler_job.py:1572} INFO - Processing file /Users/rafa/Documents/datapipeline/airflow/dags/twitter_dag.py for tasks to queue
[2022-03-30 22:01:45,562] {logging_mixin.py:112} INFO - [2022-03-30 22:01:45,562] {dagbag.py:417} INFO - Filling up the DagBag from /Users/rafa/Documents/datapipeline/airflow/dags/twitter_dag.py
[2022-03-30 22:01:45,573] {logging_mixin.py:112} WARNING - /Users/rafa/Documents/datapipeline/airflow/dags/twitter_dag.py:7: FutureWarning: Importing 'TwitterOperator' from under 'airflow.operators.*' has been deprecated and should be directly imported as 'operators.twitter_operator.TwitterOperator' instead.

Support for importing from within the airflow namespace for plugins will be dropped entirely in Airflow 2.0. See <http://airflow.apache.org/docs/stable/howto/custom-operator.html>.
  from airflow.operators.alura import TwitterOperator
[2022-03-30 22:01:45,578] {scheduler_job.py:1584} INFO - DAG(s) dict_keys(['twitter_dag']) retrieved from /Users/rafa/Documents/datapipeline/airflow/dags/twitter_dag.py
[2022-03-30 22:01:45,605] {scheduler_job.py:1288} INFO - Processing twitter_dag
[2022-03-30 22:01:45,623] {scheduler_job.py:771} INFO - Examining DAG run <DagRun twitter_dag @ 2022-03-31 01:00:02.008423+00:00: manual__2022-03-31T01:00:02.008423+00:00, externally triggered: True>
[2022-03-30 22:01:45,663] {scheduler_job.py:771} INFO - Examining DAG run <DagRun twitter_dag @ 2022-03-31 01:01:43.618805+00:00: manual__2022-03-31T01:01:43.618805+00:00, externally triggered: True>
[2022-03-30 22:01:45,678] {scheduler_job.py:459} INFO - Skipping SLA check for <DAG: twitter_dag> because no tasks in DAG have SLAs
[2022-03-30 22:01:45,683] {scheduler_job.py:1651} INFO - Creating / updating <TaskInstance: twitter_dag.twitter_aluraonline 2022-03-31 01:01:43.618805+00:00 [scheduled]> in ORM
[2022-03-30 22:01:45,691] {scheduler_job.py:162} INFO - Processing /Users/rafa/Documents/datapipeline/airflow/dags/twitter_dag.py took 0.188 seconds
[2022-03-30 22:02:50,097] {scheduler_job.py:154} INFO - Started process (PID=1852) to work on /Users/rafa/Documents/datapipeline/airflow/dags/twitter_dag.py
[2022-03-30 22:02:50,146] {logging_mixin.py:112} INFO - [2022-03-30 22:02:50,146] {__init__.py:50} INFO - Using executor SequentialExecutor
[2022-03-30 22:02:50,148] {scheduler_job.py:1572} INFO - Processing file /Users/rafa/Documents/datapipeline/airflow/dags/twitter_dag.py for tasks to queue
[2022-03-30 22:02:50,148] {logging_mixin.py:112} INFO - [2022-03-30 22:02:50,148] {dagbag.py:417} INFO - Filling up the DagBag from /Users/rafa/Documents/datapipeline/airflow/dags/twitter_dag.py
[2022-03-30 22:02:50,157] {logging_mixin.py:112} WARNING - /Users/rafa/Documents/datapipeline/airflow/dags/twitter_dag.py:7: FutureWarning: Importing 'TwitterOperator' from under 'airflow.operators.*' has been deprecated and should be directly imported as 'operators.twitter_operator.TwitterOperator' instead.

Support for importing from within the airflow namespace for plugins will be dropped entirely in Airflow 2.0. See <http://airflow.apache.org/docs/stable/howto/custom-operator.html>.
  from airflow.operators.alura import TwitterOperator
[2022-03-30 22:02:50,161] {scheduler_job.py:1584} INFO - DAG(s) dict_keys(['twitter_dag']) retrieved from /Users/rafa/Documents/datapipeline/airflow/dags/twitter_dag.py
[2022-03-30 22:02:50,199] {scheduler_job.py:1288} INFO - Processing twitter_dag
[2022-03-30 22:02:50,225] {scheduler_job.py:771} INFO - Examining DAG run <DagRun twitter_dag @ 2022-03-31 01:00:02.008423+00:00: manual__2022-03-31T01:00:02.008423+00:00, externally triggered: True>
[2022-03-30 22:02:50,238] {logging_mixin.py:112} INFO - [2022-03-30 22:02:50,238] {dagrun.py:298} INFO - Marking run <DagRun twitter_dag @ 2022-03-31 01:00:02.008423+00:00: manual__2022-03-31T01:00:02.008423+00:00, externally triggered: True> failed
[2022-03-30 22:02:50,242] {scheduler_job.py:771} INFO - Examining DAG run <DagRun twitter_dag @ 2022-03-31 01:01:43.618805+00:00: manual__2022-03-31T01:01:43.618805+00:00, externally triggered: True>
[2022-03-30 22:02:50,293] {scheduler_job.py:459} INFO - Skipping SLA check for <DAG: twitter_dag> because no tasks in DAG have SLAs
[2022-03-30 22:02:50,298] {scheduler_job.py:162} INFO - Processing /Users/rafa/Documents/datapipeline/airflow/dags/twitter_dag.py took 0.201 seconds
