[2022-03-30 21:16:52,783] {taskinstance.py:670} INFO - Dependencies all met for <TaskInstance: twitter_dag.twitter_aluraonline 2022-03-29T09:00:00+00:00 [queued]>
[2022-03-30 21:16:52,804] {taskinstance.py:670} INFO - Dependencies all met for <TaskInstance: twitter_dag.twitter_aluraonline 2022-03-29T09:00:00+00:00 [queued]>
[2022-03-30 21:16:52,804] {taskinstance.py:880} INFO - 
--------------------------------------------------------------------------------
[2022-03-30 21:16:52,805] {taskinstance.py:881} INFO - Starting attempt 1 of 1
[2022-03-30 21:16:52,805] {taskinstance.py:882} INFO - 
--------------------------------------------------------------------------------
[2022-03-30 21:16:52,822] {taskinstance.py:901} INFO - Executing <Task(TwitterOperator): twitter_aluraonline> on 2022-03-29T09:00:00+00:00
[2022-03-30 21:16:52,830] {standard_task_runner.py:54} INFO - Started process 86228 to run task
[2022-03-30 21:16:52,917] {standard_task_runner.py:77} INFO - Running: ['airflow', 'run', 'twitter_dag', 'twitter_aluraonline', '2022-03-29T09:00:00+00:00', '--job_id', '15', '--pool', 'default_pool', '--raw', '-sd', 'DAGS_FOLDER/twitter_dag.py', '--cfg_path', '/var/folders/wt/20pgcb1j11323p97x03bt_g00000gr/T/tmpkbacexfx']
[2022-03-30 21:16:52,922] {standard_task_runner.py:78} INFO - Job 15: Subtask twitter_aluraonline
[2022-03-30 21:16:52,999] {logging_mixin.py:112} INFO - Running <TaskInstance: twitter_dag.twitter_aluraonline 2022-03-29T09:00:00+00:00 [running]> on host rafa-mac.local
[2022-03-30 21:16:53,430] {base_hook.py:89} INFO - Using connection to: id: twitter_default. Host: http://api.twitter.com, Port: None, Schema: None, Login: None, Password: None, extra: XXXXXXXX
[2022-03-30 21:16:53,436] {twitter_hook.py:36} INFO - URL: http://api.twitter.com/2/tweets/search/recent?query=AluraOnline&tweet.fields=author_id,conversation_id,created_at,id,in_reply_to_user_id,public_metrics,text&expansions=author_id&user.fields=id,name,username,created_at&start_time=2022-03-29T09:00:00.00Z&end_time=2022-03-30T09:00:00.00Z
[2022-03-30 21:16:53,693] {logging_mixin.py:112} WARNING - /Users/rafa/Documents/python/datapipeline/.env/lib/python3.8/site-packages/urllib3/connectionpool.py:981: InsecureRequestWarning: Unverified HTTPS request is being made to host 'api.twitter.com'. Adding certificate verification is strongly advised. See: https://urllib3.readthedocs.io/en/latest/advanced-usage.html#ssl-warnings
  warnings.warn(
[2022-03-30 21:16:54,096] {twitter_hook.py:36} INFO - URL: http://api.twitter.com/2/tweets/search/recent?query=AluraOnline&tweet.fields=author_id,conversation_id,created_at,id,in_reply_to_user_id,public_metrics,text&expansions=author_id&user.fields=id,name,username,created_at&start_time=2022-03-29T09:00:00.00Z&end_time=2022-03-30T09:00:00.00Z&next_token=b26v89c19zqg8o3fpyqomec5r0fv2qg0jf7uqtgrhmge5
[2022-03-30 21:16:54,112] {logging_mixin.py:112} WARNING - /Users/rafa/Documents/python/datapipeline/.env/lib/python3.8/site-packages/urllib3/connectionpool.py:981: InsecureRequestWarning: Unverified HTTPS request is being made to host 'api.twitter.com'. Adding certificate verification is strongly advised. See: https://urllib3.readthedocs.io/en/latest/advanced-usage.html#ssl-warnings
  warnings.warn(
[2022-03-30 21:16:54,375] {twitter_hook.py:36} INFO - URL: http://api.twitter.com/2/tweets/search/recent?query=AluraOnline&tweet.fields=author_id,conversation_id,created_at,id,in_reply_to_user_id,public_metrics,text&expansions=author_id&user.fields=id,name,username,created_at&start_time=2022-03-29T09:00:00.00Z&end_time=2022-03-30T09:00:00.00Z&next_token=b26v89c19zqg8o3fpyqomeao4zoxjdbcmbn4a539963ct
[2022-03-30 21:16:54,395] {logging_mixin.py:112} WARNING - /Users/rafa/Documents/python/datapipeline/.env/lib/python3.8/site-packages/urllib3/connectionpool.py:981: InsecureRequestWarning: Unverified HTTPS request is being made to host 'api.twitter.com'. Adding certificate verification is strongly advised. See: https://urllib3.readthedocs.io/en/latest/advanced-usage.html#ssl-warnings
  warnings.warn(
[2022-03-30 21:16:54,869] {twitter_hook.py:36} INFO - URL: http://api.twitter.com/2/tweets/search/recent?query=AluraOnline&tweet.fields=author_id,conversation_id,created_at,id,in_reply_to_user_id,public_metrics,text&expansions=author_id&user.fields=id,name,username,created_at&start_time=2022-03-29T09:00:00.00Z&end_time=2022-03-30T09:00:00.00Z&next_token=b26v89c19zqg8o3fpyqomc8mpui64vv9gg76am9hd03gd
[2022-03-30 21:16:54,888] {logging_mixin.py:112} WARNING - /Users/rafa/Documents/python/datapipeline/.env/lib/python3.8/site-packages/urllib3/connectionpool.py:981: InsecureRequestWarning: Unverified HTTPS request is being made to host 'api.twitter.com'. Adding certificate verification is strongly advised. See: https://urllib3.readthedocs.io/en/latest/advanced-usage.html#ssl-warnings
  warnings.warn(
[2022-03-30 21:16:55,139] {twitter_hook.py:36} INFO - URL: http://api.twitter.com/2/tweets/search/recent?query=AluraOnline&tweet.fields=author_id,conversation_id,created_at,id,in_reply_to_user_id,public_metrics,text&expansions=author_id&user.fields=id,name,username,created_at&start_time=2022-03-29T09:00:00.00Z&end_time=2022-03-30T09:00:00.00Z&next_token=b26v89c19zqg8o3fpyqomc68khzmeppmnmfeqab1gtym5
[2022-03-30 21:16:55,154] {logging_mixin.py:112} WARNING - /Users/rafa/Documents/python/datapipeline/.env/lib/python3.8/site-packages/urllib3/connectionpool.py:981: InsecureRequestWarning: Unverified HTTPS request is being made to host 'api.twitter.com'. Adding certificate verification is strongly advised. See: https://urllib3.readthedocs.io/en/latest/advanced-usage.html#ssl-warnings
  warnings.warn(
[2022-03-30 21:16:55,422] {twitter_hook.py:36} INFO - URL: http://api.twitter.com/2/tweets/search/recent?query=AluraOnline&tweet.fields=author_id,conversation_id,created_at,id,in_reply_to_user_id,public_metrics,text&expansions=author_id&user.fields=id,name,username,created_at&start_time=2022-03-29T09:00:00.00Z&end_time=2022-03-30T09:00:00.00Z&next_token=b26v89c19zqg8o3fpyqoma3lzpzmfohn2vghvpmqdrptp
[2022-03-30 21:16:55,721] {logging_mixin.py:112} WARNING - /Users/rafa/Documents/python/datapipeline/.env/lib/python3.8/site-packages/urllib3/connectionpool.py:981: InsecureRequestWarning: Unverified HTTPS request is being made to host 'api.twitter.com'. Adding certificate verification is strongly advised. See: https://urllib3.readthedocs.io/en/latest/advanced-usage.html#ssl-warnings
  warnings.warn(
[2022-03-30 21:16:55,961] {taskinstance.py:1057} INFO - Marking task as SUCCESS.dag_id=twitter_dag, task_id=twitter_aluraonline, execution_date=20220329T090000, start_date=20220331T001652, end_date=20220331T001655
[2022-03-30 21:16:57,755] {local_task_job.py:102} INFO - Task exited with return code 0
