[2022-03-30 20:52:22,479] {taskinstance.py:670} INFO - Dependencies all met for <TaskInstance: twitter_dag.twitter_aluraonline 2022-03-25T09:00:00+00:00 [queued]>
[2022-03-30 20:52:22,507] {taskinstance.py:670} INFO - Dependencies all met for <TaskInstance: twitter_dag.twitter_aluraonline 2022-03-25T09:00:00+00:00 [queued]>
[2022-03-30 20:52:22,507] {taskinstance.py:880} INFO - 
--------------------------------------------------------------------------------
[2022-03-30 20:52:22,507] {taskinstance.py:881} INFO - Starting attempt 1 of 1
[2022-03-30 20:52:22,507] {taskinstance.py:882} INFO - 
--------------------------------------------------------------------------------
[2022-03-30 20:52:22,536] {taskinstance.py:901} INFO - Executing <Task(TwitterOperator): twitter_aluraonline> on 2022-03-25T09:00:00+00:00
[2022-03-30 20:52:22,540] {standard_task_runner.py:54} INFO - Started process 85344 to run task
[2022-03-30 20:52:22,642] {standard_task_runner.py:77} INFO - Running: ['airflow', 'run', 'twitter_dag', 'twitter_aluraonline', '2022-03-25T09:00:00+00:00', '--job_id', '5', '--pool', 'default_pool', '--raw', '-sd', 'DAGS_FOLDER/twitter_dag.py', '--cfg_path', '/var/folders/wt/20pgcb1j11323p97x03bt_g00000gr/T/tmpu3g_j5bk']
[2022-03-30 20:52:22,647] {standard_task_runner.py:78} INFO - Job 5: Subtask twitter_aluraonline
[2022-03-30 20:52:22,705] {logging_mixin.py:112} INFO - Running <TaskInstance: twitter_dag.twitter_aluraonline 2022-03-25T09:00:00+00:00 [running]> on host rafa-mac.local
[2022-03-30 20:52:22,951] {base_hook.py:89} INFO - Using connection to: id: twitter_default. Host: http://api.twitter.com, Port: None, Schema: None, Login: None, Password: None, extra: XXXXXXXX
[2022-03-30 20:52:22,959] {twitter_hook.py:36} INFO - URL: http://api.twitter.com/2/tweets/search/recent?query=AluraOnline&tweet.fields=author_id,conversation_id,created_at,id,in_reply_to_user_id,public_metrics,text&expansions=author_id&user.fields=id,name,username,created_at&start_time=2022-03-25T09:00:00.00Z&end_time=2022-03-26T09:00:00.00Z
[2022-03-30 20:52:23,179] {logging_mixin.py:112} WARNING - /Users/rafa/Documents/python/datapipeline/.env/lib/python3.8/site-packages/urllib3/connectionpool.py:981: InsecureRequestWarning: Unverified HTTPS request is being made to host 'api.twitter.com'. Adding certificate verification is strongly advised. See: https://urllib3.readthedocs.io/en/latest/advanced-usage.html#ssl-warnings
  warnings.warn(
[2022-03-30 20:52:23,668] {twitter_hook.py:36} INFO - URL: http://api.twitter.com/2/tweets/search/recent?query=AluraOnline&tweet.fields=author_id,conversation_id,created_at,id,in_reply_to_user_id,public_metrics,text&expansions=author_id&user.fields=id,name,username,created_at&start_time=2022-03-25T09:00:00.00Z&end_time=2022-03-26T09:00:00.00Z&next_token=b26v89c19zqg8o3fpyqo6y3hglly2tl7a3nwn0h6dl859
[2022-03-30 20:52:23,697] {logging_mixin.py:112} WARNING - /Users/rafa/Documents/python/datapipeline/.env/lib/python3.8/site-packages/urllib3/connectionpool.py:981: InsecureRequestWarning: Unverified HTTPS request is being made to host 'api.twitter.com'. Adding certificate verification is strongly advised. See: https://urllib3.readthedocs.io/en/latest/advanced-usage.html#ssl-warnings
  warnings.warn(
[2022-03-30 20:52:23,984] {twitter_hook.py:36} INFO - URL: http://api.twitter.com/2/tweets/search/recent?query=AluraOnline&tweet.fields=author_id,conversation_id,created_at,id,in_reply_to_user_id,public_metrics,text&expansions=author_id&user.fields=id,name,username,created_at&start_time=2022-03-25T09:00:00.00Z&end_time=2022-03-26T09:00:00.00Z&next_token=b26v89c19zqg8o3fpyqo6y1zrirm7fi0v7i83hdv2gw3h
[2022-03-30 20:52:24,001] {logging_mixin.py:112} WARNING - /Users/rafa/Documents/python/datapipeline/.env/lib/python3.8/site-packages/urllib3/connectionpool.py:981: InsecureRequestWarning: Unverified HTTPS request is being made to host 'api.twitter.com'. Adding certificate verification is strongly advised. See: https://urllib3.readthedocs.io/en/latest/advanced-usage.html#ssl-warnings
  warnings.warn(
[2022-03-30 20:52:24,291] {twitter_hook.py:36} INFO - URL: http://api.twitter.com/2/tweets/search/recent?query=AluraOnline&tweet.fields=author_id,conversation_id,created_at,id,in_reply_to_user_id,public_metrics,text&expansions=author_id&user.fields=id,name,username,created_at&start_time=2022-03-25T09:00:00.00Z&end_time=2022-03-26T09:00:00.00Z&next_token=b26v89c19zqg8o3fpyqo6y1355z08d4dfa7td7gllumil
[2022-03-30 20:52:24,319] {logging_mixin.py:112} WARNING - /Users/rafa/Documents/python/datapipeline/.env/lib/python3.8/site-packages/urllib3/connectionpool.py:981: InsecureRequestWarning: Unverified HTTPS request is being made to host 'api.twitter.com'. Adding certificate verification is strongly advised. See: https://urllib3.readthedocs.io/en/latest/advanced-usage.html#ssl-warnings
  warnings.warn(
[2022-03-30 20:52:24,573] {twitter_hook.py:36} INFO - URL: http://api.twitter.com/2/tweets/search/recent?query=AluraOnline&tweet.fields=author_id,conversation_id,created_at,id,in_reply_to_user_id,public_metrics,text&expansions=author_id&user.fields=id,name,username,created_at&start_time=2022-03-25T09:00:00.00Z&end_time=2022-03-26T09:00:00.00Z&next_token=b26v89c19zqg8o3fpyqo6vyr9qlsdnq4v96rsuk8snibh
[2022-03-30 20:52:24,591] {logging_mixin.py:112} WARNING - /Users/rafa/Documents/python/datapipeline/.env/lib/python3.8/site-packages/urllib3/connectionpool.py:981: InsecureRequestWarning: Unverified HTTPS request is being made to host 'api.twitter.com'. Adding certificate verification is strongly advised. See: https://urllib3.readthedocs.io/en/latest/advanced-usage.html#ssl-warnings
  warnings.warn(
[2022-03-30 20:52:24,836] {taskinstance.py:1057} INFO - Marking task as SUCCESS.dag_id=twitter_dag, task_id=twitter_aluraonline, execution_date=20220325T090000, start_date=20220330T235222, end_date=20220330T235224
[2022-03-30 20:52:27,465] {local_task_job.py:102} INFO - Task exited with return code 0
