[2022-03-30 21:09:13,676] {taskinstance.py:670} INFO - Dependencies all met for <TaskInstance: twitter_dag.twitter_aluraonline 2022-03-28T09:00:00+00:00 [queued]>
[2022-03-30 21:09:13,789] {taskinstance.py:670} INFO - Dependencies all met for <TaskInstance: twitter_dag.twitter_aluraonline 2022-03-28T09:00:00+00:00 [queued]>
[2022-03-30 21:09:13,790] {taskinstance.py:880} INFO - 
--------------------------------------------------------------------------------
[2022-03-30 21:09:13,791] {taskinstance.py:881} INFO - Starting attempt 1 of 1
[2022-03-30 21:09:13,791] {taskinstance.py:882} INFO - 
--------------------------------------------------------------------------------
[2022-03-30 21:09:13,807] {taskinstance.py:901} INFO - Executing <Task(TwitterOperator): twitter_aluraonline> on 2022-03-28T09:00:00+00:00
[2022-03-30 21:09:13,822] {standard_task_runner.py:54} INFO - Started process 85966 to run task
[2022-03-30 21:09:14,009] {standard_task_runner.py:77} INFO - Running: ['airflow', 'run', 'twitter_dag', 'twitter_aluraonline', '2022-03-28T09:00:00+00:00', '--job_id', '12', '--pool', 'default_pool', '--raw', '-sd', 'DAGS_FOLDER/twitter_dag.py', '--cfg_path', '/var/folders/wt/20pgcb1j11323p97x03bt_g00000gr/T/tmp_8lld6aa']
[2022-03-30 21:09:14,022] {standard_task_runner.py:78} INFO - Job 12: Subtask twitter_aluraonline
[2022-03-30 21:09:14,285] {logging_mixin.py:112} INFO - Running <TaskInstance: twitter_dag.twitter_aluraonline 2022-03-28T09:00:00+00:00 [running]> on host 1.0.0.0.0.0.0.0.0.0.0.0.0.0.0.0.0.0.0.0.0.0.0.0.0.0.0.0.0.0.0.0.ip6.arpa
[2022-03-30 21:09:14,740] {base_hook.py:89} INFO - Using connection to: id: twitter_default. Host: http://api.twitter.com, Port: None, Schema: None, Login: None, Password: None, extra: XXXXXXXX
[2022-03-30 21:09:14,753] {twitter_hook.py:36} INFO - URL: http://api.twitter.com/2/tweets/search/recent?query=AluraOnline&tweet.fields=author_id,conversation_id,created_at,id,in_reply_to_user_id,public_metrics,text&expansions=author_id&user.fields=id,name,username,created_at&start_time=2022-03-28T09:00:00.00Z&end_time=2022-03-29T09:00:00.00Z
[2022-03-30 21:09:14,871] {logging_mixin.py:112} WARNING - /Users/rafa/Documents/python/datapipeline/.env/lib/python3.8/site-packages/urllib3/connectionpool.py:981: InsecureRequestWarning: Unverified HTTPS request is being made to host 'api.twitter.com'. Adding certificate verification is strongly advised. See: https://urllib3.readthedocs.io/en/latest/advanced-usage.html#ssl-warnings
  warnings.warn(
[2022-03-30 21:09:15,162] {twitter_hook.py:36} INFO - URL: http://api.twitter.com/2/tweets/search/recent?query=AluraOnline&tweet.fields=author_id,conversation_id,created_at,id,in_reply_to_user_id,public_metrics,text&expansions=author_id&user.fields=id,name,username,created_at&start_time=2022-03-28T09:00:00.00Z&end_time=2022-03-29T09:00:00.00Z&next_token=b26v89c19zqg8o3fpyqom5sd4j8nfblhf2i2sa8uebhx9
[2022-03-30 21:09:15,187] {logging_mixin.py:112} WARNING - /Users/rafa/Documents/python/datapipeline/.env/lib/python3.8/site-packages/urllib3/connectionpool.py:981: InsecureRequestWarning: Unverified HTTPS request is being made to host 'api.twitter.com'. Adding certificate verification is strongly advised. See: https://urllib3.readthedocs.io/en/latest/advanced-usage.html#ssl-warnings
  warnings.warn(
[2022-03-30 21:09:15,441] {twitter_hook.py:36} INFO - URL: http://api.twitter.com/2/tweets/search/recent?query=AluraOnline&tweet.fields=author_id,conversation_id,created_at,id,in_reply_to_user_id,public_metrics,text&expansions=author_id&user.fields=id,name,username,created_at&start_time=2022-03-28T09:00:00.00Z&end_time=2022-03-29T09:00:00.00Z&next_token=b26v89c19zqg8o3fpyqom3p4vuljxiez6zubmm3e6cb5p
[2022-03-30 21:09:15,484] {logging_mixin.py:112} WARNING - /Users/rafa/Documents/python/datapipeline/.env/lib/python3.8/site-packages/urllib3/connectionpool.py:981: InsecureRequestWarning: Unverified HTTPS request is being made to host 'api.twitter.com'. Adding certificate verification is strongly advised. See: https://urllib3.readthedocs.io/en/latest/advanced-usage.html#ssl-warnings
  warnings.warn(
[2022-03-30 21:09:15,761] {twitter_hook.py:36} INFO - URL: http://api.twitter.com/2/tweets/search/recent?query=AluraOnline&tweet.fields=author_id,conversation_id,created_at,id,in_reply_to_user_id,public_metrics,text&expansions=author_id&user.fields=id,name,username,created_at&start_time=2022-03-28T09:00:00.00Z&end_time=2022-03-29T09:00:00.00Z&next_token=b26v89c19zqg8o3fpyqom3o86f9vr0zg08z7kcj03pg1p
[2022-03-30 21:09:15,787] {logging_mixin.py:112} WARNING - /Users/rafa/Documents/python/datapipeline/.env/lib/python3.8/site-packages/urllib3/connectionpool.py:981: InsecureRequestWarning: Unverified HTTPS request is being made to host 'api.twitter.com'. Adding certificate verification is strongly advised. See: https://urllib3.readthedocs.io/en/latest/advanced-usage.html#ssl-warnings
  warnings.warn(
[2022-03-30 21:09:16,032] {twitter_hook.py:36} INFO - URL: http://api.twitter.com/2/tweets/search/recent?query=AluraOnline&tweet.fields=author_id,conversation_id,created_at,id,in_reply_to_user_id,public_metrics,text&expansions=author_id&user.fields=id,name,username,created_at&start_time=2022-03-28T09:00:00.00Z&end_time=2022-03-29T09:00:00.00Z&next_token=b26v89c19zqg8o3fpyqom3nmq2wjfwixkfloytkxv1i0t
[2022-03-30 21:09:16,057] {logging_mixin.py:112} WARNING - /Users/rafa/Documents/python/datapipeline/.env/lib/python3.8/site-packages/urllib3/connectionpool.py:981: InsecureRequestWarning: Unverified HTTPS request is being made to host 'api.twitter.com'. Adding certificate verification is strongly advised. See: https://urllib3.readthedocs.io/en/latest/advanced-usage.html#ssl-warnings
  warnings.warn(
[2022-03-30 21:09:16,266] {taskinstance.py:1057} INFO - Marking task as SUCCESS.dag_id=twitter_dag, task_id=twitter_aluraonline, execution_date=20220328T090000, start_date=20220331T000913, end_date=20220331T000916
[2022-03-30 21:09:18,624] {local_task_job.py:102} INFO - Task exited with return code 0
