[2022-03-30 19:59:02,832] {taskinstance.py:670} INFO - Dependencies all met for <TaskInstance: twitter_dag.twitter_aluraonline 2022-03-24T09:00:00+00:00 [queued]>
[2022-03-30 19:59:02,889] {taskinstance.py:670} INFO - Dependencies all met for <TaskInstance: twitter_dag.twitter_aluraonline 2022-03-24T09:00:00+00:00 [queued]>
[2022-03-30 19:59:02,889] {taskinstance.py:880} INFO - 
--------------------------------------------------------------------------------
[2022-03-30 19:59:02,889] {taskinstance.py:881} INFO - Starting attempt 1 of 1
[2022-03-30 19:59:02,889] {taskinstance.py:882} INFO - 
--------------------------------------------------------------------------------
[2022-03-30 19:59:02,921] {taskinstance.py:901} INFO - Executing <Task(TwitterOperator): twitter_aluraonline> on 2022-03-24T09:00:00+00:00
[2022-03-30 19:59:02,943] {standard_task_runner.py:54} INFO - Started process 85093 to run task
[2022-03-30 19:59:03,035] {standard_task_runner.py:77} INFO - Running: ['airflow', 'run', 'twitter_dag', 'twitter_aluraonline', '2022-03-24T09:00:00+00:00', '--job_id', '3', '--pool', 'default_pool', '--raw', '-sd', 'DAGS_FOLDER/twitter_dag.py', '--cfg_path', '/var/folders/wt/20pgcb1j11323p97x03bt_g00000gr/T/tmp31n3jsyx']
[2022-03-30 19:59:03,041] {standard_task_runner.py:78} INFO - Job 3: Subtask twitter_aluraonline
[2022-03-30 19:59:03,178] {logging_mixin.py:112} INFO - Running <TaskInstance: twitter_dag.twitter_aluraonline 2022-03-24T09:00:00+00:00 [running]> on host 1.0.0.0.0.0.0.0.0.0.0.0.0.0.0.0.0.0.0.0.0.0.0.0.0.0.0.0.0.0.0.0.ip6.arpa
[2022-03-30 19:59:03,503] {base_hook.py:89} INFO - Using connection to: id: twitter_default. Host: http://api.twitter.com, Port: None, Schema: None, Login: None, Password: None, extra: XXXXXXXX
[2022-03-30 19:59:03,530] {twitter_hook.py:36} INFO - URL: http://api.twitter.com/2/tweets/search/recent?query=AluraOnline&tweet.fields=author_id,conversation_id,created_at,id,in_reply_to_user_id,public_metrics,text&expansions=author_id&user.fields=id,name,username,created_at&start_time=2022-03-24T09:00:00.00Z&end_time=2022-03-25T09:00:00.00Z
[2022-03-30 19:59:03,929] {logging_mixin.py:112} WARNING - /Users/rafa/Documents/python/datapipeline/.env/lib/python3.8/site-packages/urllib3/connectionpool.py:981: InsecureRequestWarning: Unverified HTTPS request is being made to host 'api.twitter.com'. Adding certificate verification is strongly advised. See: https://urllib3.readthedocs.io/en/latest/advanced-usage.html#ssl-warnings
  warnings.warn(
[2022-03-30 19:59:04,804] {twitter_hook.py:36} INFO - URL: http://api.twitter.com/2/tweets/search/recent?query=AluraOnline&tweet.fields=author_id,conversation_id,created_at,id,in_reply_to_user_id,public_metrics,text&expansions=author_id&user.fields=id,name,username,created_at&start_time=2022-03-24T09:00:00.00Z&end_time=2022-03-25T09:00:00.00Z&next_token=b26v89c19zqg8o3fpyqo6roewewvrh3ad32xg080gly7x
[2022-03-30 19:59:04,826] {logging_mixin.py:112} WARNING - /Users/rafa/Documents/python/datapipeline/.env/lib/python3.8/site-packages/urllib3/connectionpool.py:981: InsecureRequestWarning: Unverified HTTPS request is being made to host 'api.twitter.com'. Adding certificate verification is strongly advised. See: https://urllib3.readthedocs.io/en/latest/advanced-usage.html#ssl-warnings
  warnings.warn(
[2022-03-30 19:59:05,115] {twitter_hook.py:36} INFO - URL: http://api.twitter.com/2/tweets/search/recent?query=AluraOnline&tweet.fields=author_id,conversation_id,created_at,id,in_reply_to_user_id,public_metrics,text&expansions=author_id&user.fields=id,name,username,created_at&start_time=2022-03-24T09:00:00.00Z&end_time=2022-03-25T09:00:00.00Z&next_token=b26v89c19zqg8o3fpyqo6pkaaf2zgq77drc9mvctol3st
[2022-03-30 19:59:05,146] {logging_mixin.py:112} WARNING - /Users/rafa/Documents/python/datapipeline/.env/lib/python3.8/site-packages/urllib3/connectionpool.py:981: InsecureRequestWarning: Unverified HTTPS request is being made to host 'api.twitter.com'. Adding certificate verification is strongly advised. See: https://urllib3.readthedocs.io/en/latest/advanced-usage.html#ssl-warnings
  warnings.warn(
[2022-03-30 19:59:05,398] {twitter_hook.py:36} INFO - URL: http://api.twitter.com/2/tweets/search/recent?query=AluraOnline&tweet.fields=author_id,conversation_id,created_at,id,in_reply_to_user_id,public_metrics,text&expansions=author_id&user.fields=id,name,username,created_at&start_time=2022-03-24T09:00:00.00Z&end_time=2022-03-25T09:00:00.00Z&next_token=b26v89c19zqg8o3fpyqns35hbqiyrttywe6wqd3obzszh
[2022-03-30 19:59:05,421] {logging_mixin.py:112} WARNING - /Users/rafa/Documents/python/datapipeline/.env/lib/python3.8/site-packages/urllib3/connectionpool.py:981: InsecureRequestWarning: Unverified HTTPS request is being made to host 'api.twitter.com'. Adding certificate verification is strongly advised. See: https://urllib3.readthedocs.io/en/latest/advanced-usage.html#ssl-warnings
  warnings.warn(
[2022-03-30 19:59:05,670] {taskinstance.py:1057} INFO - Marking task as SUCCESS.dag_id=twitter_dag, task_id=twitter_aluraonline, execution_date=20220324T090000, start_date=20220330T225902, end_date=20220330T225905
[2022-03-30 19:59:07,812] {local_task_job.py:102} INFO - Task exited with return code 0
